<?xml version="1.0" encoding="utf-8"?><testsuites name="pytest tests"><testsuite name="pytest" errors="0" failures="0" skipped="0" tests="8" time="42.070" timestamp="2026-09-05T03:59:38.425017+00:00" hostname="agent-env-a315995f-4568-443c-ac43-93bf8df25b54"><testcase classname="tests.test_execute_ai_api" name="test_root" time="0.531" /><testcase classname="tests.test_execute_ai_api" name="test_task_happy_path_and_shape" time="2.561" /><testcase classname="tests.test_execute_ai_api" name="test_task_empty_transcript_returns_400" time="0.061" /><testcase classname="tests.test_execute_ai_api" name="test_sort_preserves_all_items_union" time="2.188" /><testcase classname="tests.test_execute_ai_api" name="test_sort_empty_interruptions_returns_empty_buckets" time="0.101" /><testcase classname="tests.test_execute_ai_api" name="test_transcribe_rejects_non_audio_content_type_415" time="0.065" /><testcase classname="tests.test_execute_ai_api" name="test_transcribe_empty_audio_returns_400" time="0.071" /><testcase classname="tests.test_execute_ai_api" name="test_transcribe_happy_path_returns_transcript_string" time="36.187" /></testsuite></testsuites>