<?xml version="1.0" encoding="utf-8"?><testsuites name="pytest tests"><testsuite name="pytest" errors="0" failures="0" skipped="0" tests="3" time="7.457" timestamp="2026-09-01T22:27:45.392800+00:00" hostname="agent-env-a315995f-4568-443c-ac43-93bf8df25b54"><testcase classname="tests.test_execute_ai_api" name="test_root_and_task_shape" time="2.836" /><testcase classname="tests.test_execute_ai_api" name="test_sort_shape_and_empty_case" time="4.162" /><testcase classname="tests.test_execute_ai_api" name="test_transcribe_rejects_non_audio" time="0.143" /></testsuite></testsuites>