<?xml version="1.0" encoding="utf-8"?><testsuites name="pytest tests"><testsuite name="pytest" errors="0" failures="0" skipped="0" tests="3" time="6.380" timestamp="2026-09-04T12:42:55.473691+00:00" hostname="agent-env-a315995f-4568-443c-ac43-93bf8df25b54"><testcase classname="tests.test_execute_ai_api" name="test_root_and_task_shape" time="3.093" /><testcase classname="tests.test_execute_ai_api" name="test_sort_shape_and_empty_case" time="2.684" /><testcase classname="tests.test_execute_ai_api" name="test_transcribe_rejects_non_audio" time="0.280" /></testsuite></testsuites>